<?xml version="1.0"?>
<!DOCTYPE coverage SYSTEM "http://cobertura.sourceforge.net/xml/coverage-04.dtd">
<coverage 
line-rate="0.54" lines-valid="50" lines-covered="27" branches-valid="4" branches-covered="3" branch-rate="0.75" complexity="0" version="1.0" timestamp="1490254226231">
    <sources>
        <source>--source</source>
        <source>/home/knoldus/himanshu/akka/AkkaAssignment-2/src/main/scala-2.11</source>
        <source>/home/knoldus/himanshu/akka/AkkaAssignment-2/src/main/scala</source>
        <source>/home/knoldus/himanshu/akka/AkkaAssignment-2/src/main/java</source>
    </sources>
    <packages>
        <package name="&lt;empty&gt;" line-rate="0.54" branch-rate="0.75" complexity="0">
            <classes>
                <class name="PurchaseActor" filename="SamsungGalaxyS8Sale.scala" line-rate="1.00" branch-rate="1.00" complexity="0">
                    <methods>
                        <method 
                        name="&lt;empty&gt;/PurchaseActor/&lt;none&gt;" signature="()V" line-rate="1.00" branch-rate="1.00" complexity="0">
                            <lines>
                                <line number="18" hits="1" branch="false"/>
                                <line number="18" hits="1" branch="false"/>
                                <line number="17" hits="1" branch="false"/>
                                <line number="18" hits="1" branch="false"/>
                            </lines>
</method>
                        <method name="&lt;empty&gt;/PurchaseActor/receive" signature="()V" line-rate="1.00" branch-rate="1.00" complexity="0">
                            <lines>
                                <line number="24" hits="1" branch="false"/>
                                <line number="23" hits="1" branch="false"/>
                                <line number="24" hits="1" branch="false"/>
                                <line number="20" hits="1" branch="false"/>
                                <line number="23" hits="1" branch="false"/>
                            </lines>
                        </method>
                    </methods>
                    <lines>
                        <line number="24" hits="1" branch="false"/>
                        <line number="18" hits="1" branch="false"/>
                        <line number="23" hits="1" branch="false"/>
                        <line number="18" hits="1" branch="false"/>
                        <line number="24" hits="1" branch="false"/>
                        <line number="17" hits="1" branch="false"/>
                        <line number="20" hits="1" branch="false"/>
                        <line number="18" hits="1" branch="false"/>
                        <line number="23" hits="1" branch="false"/>
                    </lines>
                </class>
                <class name="ValidationActor" filename="SamsungGalaxyS8Sale.scala" line-rate="0.67" branch-rate="0.75" complexity="0">
                    <methods>
                        <method 
                        name="&lt;empty&gt;/ValidationActor/receive" signature="()V" line-rate="0.61" branch-rate="0.75" complexity="0">
                            <lines>
                                <line number="47" hits="1" branch="false"/>
                                <line number="51" hits="1" branch="false"/>
                                <line number="58" hits="0" branch="false"/>
                                <line number="55" hits="0" branch="false"/>
                                <line number="61" hits="1" branch="false"/>
                                <line number="51" hits="1" branch="false"/>
                                <line number="57" hits="0" branch="false"/>
                                <line number="61" hits="1" branch="false"/>
                                <line number="61" hits="1" branch="false"/>
                                <line number="54" hits="1" branch="false"/>
                                <line number="57" hits="0" branch="false"/>
                                <line number="51" hits="1" branch="false"/>
                                <line number="54" hits="0" branch="false"/>
                                <line number="54" hits="1" branch="false"/>
                                <line number="56" hits="0" branch="false"/>
                                <line number="50" hits="1" branch="false"/>
                                <line number="61" hits="1" branch="false"/>
                                <line number="56" hits="0" branch="false"/>
                                <line number="61" hits="1" branch="false"/>
                                <line number="51" hits="1" branch="false"/>
                                <line number="57" hits="0" branch="false"/>
                                <line number="58" hits="0" branch="false"/>
                                <line number="51" hits="1" branch="false"/>
                            </lines>
</method>
                        <method 
                        name="&lt;empty&gt;/ValidationActor/&lt;none&gt;" signature="()V" line-rate="1.00" branch-rate="1.00" complexity="0">
                            <lines>
                                <line number="44" hits="1" branch="false"/>
                                <line number="44" hits="1" branch="false"/>
                                <line number="45" hits="1" branch="false"/>
                                <line number="44" hits="1" branch="false"/>
                            </lines>
</method>
                    </methods>
                    <lines>
                        <line number="47" hits="1" branch="false"/>
                        <line number="51" hits="1" branch="false"/>
                        <line number="58" hits="0" branch="false"/>
                        <line number="55" hits="0" branch="false"/>
                        <line number="61" hits="1" branch="false"/>
                        <line number="44" hits="1" branch="false"/>
                        <line number="51" hits="1" branch="false"/>
                        <line number="57" hits="0" branch="false"/>
                        <line number="61" hits="1" branch="false"/>
                        <line number="61" hits="1" branch="false"/>
                        <line number="54" hits="1" branch="false"/>
                        <line number="57" hits="0" branch="false"/>
                        <line number="51" hits="1" branch="false"/>
                        <line number="54" hits="0" branch="false"/>
                        <line number="44" hits="1" branch="false"/>
                        <line number="54" hits="1" branch="false"/>
                        <line number="56" hits="0" branch="false"/>
                        <line number="50" hits="1" branch="false"/>
                        <line number="61" hits="1" branch="false"/>
                        <line number="45" hits="1" branch="false"/>
                        <line number="56" hits="0" branch="false"/>
                        <line number="61" hits="1" branch="false"/>
                        <line number="51" hits="1" branch="false"/>
                        <line number="57" hits="0" branch="false"/>
                        <line number="58" hits="0" branch="false"/>
                        <line number="51" hits="1" branch="false"/>
                        <line number="44" hits="1" branch="false"/>
                    </lines>
                </class>
                <class 
                name="PurchaseRequstHandler" filename="SamsungGalaxyS8Sale.scala" line-rate="0.00" branch-rate="0.00" complexity="0">
                    <methods>
                        <method 
                        name="&lt;empty&gt;/PurchaseRequstHandler/&lt;none&gt;" signature="()V" line-rate="0.00" branch-rate="0.00" complexity="0">
                            <lines>
                                <line number="31" hits="0" branch="false"/>
                                <line number="31" hits="0" branch="false"/>
                                <line number="31" hits="0" branch="false"/>
                            </lines>
</method>
                        <method 
                        name="&lt;empty&gt;/PurchaseRequstHandler/receive" signature="()V" line-rate="0.00" branch-rate="0.00" complexity="0">
                            <lines>
                                <line number="33" hits="0" branch="false"/>
                                <line number="37" hits="0" branch="false"/>
                                <line number="37" hits="0" branch="false"/>
                                <line number="36" hits="0" branch="false"/>
                                <line number="35" hits="0" branch="false"/>
                                <line number="38" hits="0" branch="false"/>
                                <line number="36" hits="0" branch="false"/>
                                <line number="37" hits="0" branch="false"/>
                                <line number="37" hits="0" branch="false"/>
                                <line number="38" hits="0" branch="false"/>
                                <line number="36" hits="0" branch="false"/>
                            </lines>
</method>
                    </methods>
                    <lines>
                        <line number="33" hits="0" branch="false"/>
                        <line number="37" hits="0" branch="false"/>
                        <line number="31" hits="0" branch="false"/>
                        <line number="37" hits="0" branch="false"/>
                        <line number="36" hits="0" branch="false"/>
                        <line number="35" hits="0" branch="false"/>
                        <line number="38" hits="0" branch="false"/>
                        <line number="36" hits="0" branch="false"/>
                        <line number="31" hits="0" branch="false"/>
                        <line number="37" hits="0" branch="false"/>
                        <line number="37" hits="0" branch="false"/>
                        <line number="38" hits="0" branch="false"/>
                        <line number="31" hits="0" branch="false"/>
                        <line number="36" hits="0" branch="false"/>
                    </lines>
</class>
            </classes>
        </package>
    </packages>
</coverage>
